
+ q1 ++++++++++

The Maze 1 size:144
######## ###
# ####    ##
#  ### ## ##
## ### #   #
#   ## ### #
### ##   # #
#   # ## ###
### ####  ##
# #   ### ##
#     # #   
# #       ##
############


The Maze 2 size:144
############
# ####    ##
#  ### ## ##
## ### #   #
#   ## ### #
### ##   # #
    # ## ###
### ####  ##
# #   ### ##
#     # #   
# #       ##
############


The Maze 3 size:168
############
# ####    ##
#  ### ## ##
## ### #   #
#   ## ### #
### ##   # #
    # ## ###
### ####  ##
# #   ### ##
#     # #   
# #       ##
#     # #  #
# # # #   ##
############


The Maze 4 size:168
############
# ####    ##
#  ### ## ##
## ### #   #
#   ## ### #
### ##   # #
    # ## ###
### ####  ##
# #   ### ##
#     # #  #
# #       ##
#     # #  #
# # # #   ##
############

... in progress: @  9:11, steps: 0
00000000 000
0 0000    00
0  000 00 00
00 000 0   0
0   00 000 0
000 00   0 0
0   0 00 000
000 0000  00
0 0   000 00
0     0 0  .
0 0       00
000000000000

... in progress: @  9:10, steps: 3
00000000 000
0 0000    00
0  000 00 00
00 000 0   0
0   00 000 0
000 00   0 0
0   0 00 000
000 0000  00
0 0   000 00
0     0 0 ..
0 0       00
000000000000

... in progress: @  9:9, steps: 6
00000000 000
0 0000    00
0  000 00 00
00 000 0   0
0   00 000 0
000 00   0 0
0   0 00 000
000 0000  00
0 0   000 00
0     0 0...
0 0       00
000000000000

... in progress: @  10:9, steps: 7
00000000 000
0 0000    00
0  000 00 00
00 000 0   0
0   00 000 0
000 00   0 0
0   0 00 000
000 0000  00
0 0   000 00
0     0 0...
0 0      .00
000000000000

... in progress: @  10:8, steps: 10
00000000 000
0 0000    00
0  000 00 00
00 000 0   0
0   00 000 0
000 00   0 0
0   0 00 000
000 0000  00
0 0   000 00
0     0 0...
0 0     ..00
000000000000

... in progress: @  10:7, steps: 13
00000000 000
0 0000    00
0  000 00 00
00 000 0   0
0   00 000 0
000 00   0 0
0   0 00 000
000 0000  00
0 0   000 00
0     0 0...
0 0    ...00
000000000000

... in progress: @  9:7, steps: 15
00000000 000
0 0000    00
0  000 00 00
00 000 0   0
0   00 000 0
000 00   0 0
0   0 00 000
000 0000  00
0 0   000 00
0     0.0...
0 0    ...00
000000000000

... in progress: @  10:6, steps: 16
00000000 000
0 0000    00
0  000 00 00
00 000 0   0
0   00 000 0
000 00   0 0
0   0 00 000
000 0000  00
0 0   000 00
0     0.0...
0 0   ....00
000000000000

... in progress: @  10:5, steps: 19
00000000 000
0 0000    00
0  000 00 00
00 000 0   0
0   00 000 0
000 00   0 0
0   0 00 000
000 0000  00
0 0   000 00
0     0.0...
0 0  .....00
000000000000

... in progress: @  9:5, steps: 21
00000000 000
0 0000    00
0  000 00 00
00 000 0   0
0   00 000 0
000 00   0 0
0   0 00 000
000 0000  00
0 0   000 00
0    .0.0...
0 0  .....00
000000000000

... in progress: @  8:5, steps: 23
00000000 000
0 0000    00
0  000 00 00
00 000 0   0
0   00 000 0
000 00   0 0
0   0 00 000
000 0000  00
0 0  .000 00
0    .0.0...
0 0  .....00
000000000000

... in progress: @  8:4, steps: 26
00000000 000
0 0000    00
0  000 00 00
00 000 0   0
0   00 000 0
000 00   0 0
0   0 00 000
000 0000  00
0 0 ..000 00
0    .0.0...
0 0  .....00
000000000000

... in progress: @  9:4, steps: 27
00000000 000
0 0000    00
0  000 00 00
00 000 0   0
0   00 000 0
000 00   0 0
0   0 00 000
000 0000  00
0 0 ..000 00
0   ..0.0...
0 0  .....00
000000000000

... in progress: @  10:4, steps: 28
00000000 000
0 0000    00
0  000 00 00
00 000 0   0
0   00 000 0
000 00   0 0
0   0 00 000
000 0000  00
0 0 ..000 00
0   ..0.0...
0 0 ......00
000000000000

... in progress: @  10:3, steps: 31
00000000 000
0 0000    00
0  000 00 00
00 000 0   0
0   00 000 0
000 00   0 0
0   0 00 000
000 0000  00
0 0 ..000 00
0   ..0.0...
0 0.......00
000000000000

... in progress: @  9:3, steps: 33
00000000 000
0 0000    00
0  000 00 00
00 000 0   0
0   00 000 0
000 00   0 0
0   0 00 000
000 0000  00
0 0 ..000 00
0  ...0.0...
0 0.......00
000000000000

... in progress: @  8:3, steps: 35
00000000 000
0 0000    00
0  000 00 00
00 000 0   0
0   00 000 0
000 00   0 0
0   0 00 000
000 0000  00
0 0...000 00
0  ...0.0...
0 0.......00
000000000000

... in progress: @  7:3, steps: 37
00000000 000
0 0000    00
0  000 00 00
00 000 0   0
0   00 000 0
000 00   0 0
0   0 00 000
000.0000  00
0 0...000 00
0  ...0.0...
0 0.......00
000000000000

... in progress: @  6:3, steps: 39
00000000 000
0 0000    00
0  000 00 00
00 000 0   0
0   00 000 0
000 00   0 0
0  .0 00 000
000.0000  00
0 0...000 00
0  ...0.0...
0 0.......00
000000000000

... in progress: @  5:3, steps: 41
00000000 000
0 0000    00
0  000 00 00
00 000 0   0
0   00 000 0
000.00   0 0
0  .0 00 000
000.0000  00
0 0...000 00
0  ...0.0...
0 0.......00
000000000000

... in progress: @  4:3, steps: 43
00000000 000
0 0000    00
0  000 00 00
00 000 0   0
0  .00 000 0
000.00   0 0
0  .0 00 000
000.0000  00
0 0...000 00
0  ...0.0...
0 0.......00
000000000000

... in progress: @  4:2, steps: 46
00000000 000
0 0000    00
0  000 00 00
00 000 0   0
0 ..00 000 0
000.00   0 0
0  .0 00 000
000.0000  00
0 0...000 00
0  ...0.0...
0 0.......00
000000000000

... in progress: @  3:2, steps: 48
00000000 000
0 0000    00
0  000 00 00
00.000 0   0
0 ..00 000 0
000.00   0 0
0  .0 00 000
000.0000  00
0 0...000 00
0  ...0.0...
0 0.......00
000000000000

... in progress: @  2:2, steps: 50
00000000 000
0 0000    00
0 .000 00 00
00.000 0   0
0 ..00 000 0
000.00   0 0
0  .0 00 000
000.0000  00
0 0...000 00
0  ...0.0...
0 0.......00
000000000000

... in progress: @  2:1, steps: 53
00000000 000
0 0000    00
0..000 00 00
00.000 0   0
0 ..00 000 0
000.00   0 0
0  .0 00 000
000.0000  00
0 0...000 00
0  ...0.0...
0 0.......00
000000000000

... in progress: @  1:1, steps: 55
00000000 000
0.0000    00
0..000 00 00
00.000 0   0
0 ..00 000 0
000.00   0 0
0  .0 00 000
000.0000  00
0 0...000 00
0  ...0.0...
0 0.......00
000000000000

... in progress: @  4:1, steps: 49
00000000 000
0.0000    00
0..000 00 00
00.000 0   0
0...00 000 0
000.00   0 0
0  .0 00 000
000.0000  00
0 0...000 00
0  ...0.0...
0 0.......00
000000000000

... in progress: @  6:2, steps: 42
00000000 000
0.0000    00
0..000 00 00
00.000 0   0
0...00 000 0
000.00   0 0
0 ..0 00 000
000.0000  00
0 0...000 00
0  ...0.0...
0 0.......00
000000000000

... in progress: @  6:1, steps: 45
00000000 000
0.0000    00
0..000 00 00
00.000 0   0
0...00 000 0
000.00   0 0
0...0 00 000
000.0000  00
0 0...000 00
0  ...0.0...
0 0.......00
000000000000

... in progress: @  9:2, steps: 36
00000000 000
0.0000    00
0..000 00 00
00.000 0   0
0...00 000 0
000.00   0 0
0...0 00 000
000.0000  00
0 0...000 00
0 ....0.0...
0 0.......00
000000000000

... in progress: @  9:1, steps: 39
00000000 000
0.0000    00
0..000 00 00
00.000 0   0
0...00 000 0
000.00   0 0
0...0 00 000
000.0000  00
0 0...000 00
0.....0.0...
0 0.......00
000000000000

... in progress: @  10:1, steps: 40
00000000 000
0.0000    00
0..000 00 00
00.000 0   0
0...00 000 0
000.00   0 0
0...0 00 000
000.0000  00
0 0...000 00
0.....0.0...
0.0.......00
000000000000

... in progress: @  8:1, steps: 41
00000000 000
0.0000    00
0..000 00 00
00.000 0   0
0...00 000 0
000.00   0 0
0...0 00 000
000.0000  00
0.0...000 00
0.....0.0...
0.0.......00
000000000000

... in progress: @  8:9, steps: 8
00000000 000
0.0000    00
0..000 00 00
00.000 0   0
0...00 000 0
000.00   0 0
0...0 00 000
000.0000  00
0.0...000.00
0.....0.0...
0.0.......00
000000000000

... in progress: @  7:9, steps: 10
00000000 000
0.0000    00
0..000 00 00
00.000 0   0
0...00 000 0
000.00   0 0
0...0 00 000
000.0000 .00
0.0...000.00
0.....0.0...
0.0.......00
000000000000

... in progress: @  7:8, steps: 13
00000000 000
0.0000    00
0..000 00 00
00.000 0   0
0...00 000 0
000.00   0 0
0...0 00 000
000.0000..00
0.0...000.00
0.....0.0...
0.0.......00
000000000000

... in progress: @  6:8, steps: 15
00000000 000
0.0000    00
0..000 00 00
00.000 0   0
0...00 000 0
000.00   0 0
0...0 00.000
000.0000..00
0.0...000.00
0.....0.0...
0.0.......00
000000000000

... in progress: @  5:8, steps: 17
00000000 000
0.0000    00
0..000 00 00
00.000 0   0
0...00 000 0
000.00  .0 0
0...0 00.000
000.0000..00
0.0...000.00
0.....0.0...
0.0.......00
000000000000

... in progress: @  5:7, steps: 20
00000000 000
0.0000    00
0..000 00 00
00.000 0   0
0...00 000 0
000.00 ..0 0
0...0 00.000
000.0000..00
0.0...000.00
0.....0.0...
0.0.......00
000000000000

... in progress: @  5:6, steps: 23
00000000 000
0.0000    00
0..000 00 00
00.000 0   0
0...00 000 0
000.00...0 0
0...0 00.000
000.0000..00
0.0...000.00
0.....0.0...
0.0.......00
000000000000

... in progress: @  4:6, steps: 25
00000000 000
0.0000    00
0..000 00 00
00.000 0   0
0...00.000 0
000.00...0 0
0...0 00.000
000.0000..00
0.0...000.00
0.....0.0...
0.0.......00
000000000000

... in progress: @  3:6, steps: 27
00000000 000
0.0000    00
0..000 00 00
00.000.0   0
0...00.000 0
000.00...0 0
0...0 00.000
000.0000..00
0.0...000.00
0.....0.0...
0.0.......00
000000000000

... in progress: @  2:6, steps: 29
00000000 000
0.0000    00
0..000.00 00
00.000.0   0
0...00.000 0
000.00...0 0
0...0 00.000
000.0000..00
0.0...000.00
0.....0.0...
0.0.......00
000000000000

... in progress: @  1:6, steps: 31
00000000 000
0.0000.   00
0..000.00 00
00.000.0   0
0...00.000 0
000.00...0 0
0...0 00.000
000.0000..00
0.0...000.00
0.....0.0...
0.0.......00
000000000000

... in progress: @  1:7, steps: 31
00000000 000
0.0000..  00
0..000.00 00
00.000.0   0
0...00.000 0
000.00...0 0
0...0 00.000
000.0000..00
0.0...000.00
0.....0.0...
0.0.......00
000000000000

... in progress: @  1:8, steps: 31
00000000 000
0.0000... 00
0..000.00 00
00.000.0   0
0...00.000 0
000.00...0 0
0...0 00.000
000.0000..00
0.0...000.00
0.....0.0...
0.0.......00
000000000000

... in progress: @  1:9, steps: 31
00000000 000
0.0000....00
0..000.00 00
00.000.0   0
0...00.000 0
000.00...0 0
0...0 00.000
000.0000..00
0.0...000.00
0.....0.0...
0.0.......00
000000000000

... in progress: @  2:9, steps: 32
00000000 000
0.0000....00
0..000.00.00
00.000.0   0
0...00.000 0
000.00...0 0
0...0 00.000
000.0000..00
0.0...000.00
0.....0.0...
0.0.......00
000000000000

... in progress: @  3:9, steps: 33
00000000 000
0.0000....00
0..000.00.00
00.000.0 . 0
0...00.000 0
000.00...0 0
0...0 00.000
000.0000..00
0.0...000.00
0.....0.0...
0.0.......00
000000000000

... in progress: @  3:10, steps: 33
00000000 000
0.0000....00
0..000.00.00
00.000.0 ..0
0...00.000 0
000.00...0 0
0...0 00.000
000.0000..00
0.0...000.00
0.....0.0...
0.0.......00
000000000000

... in progress: @  4:10, steps: 34
00000000 000
0.0000....00
0..000.00.00
00.000.0 ..0
0...00.000.0
000.00...0 0
0...0 00.000
000.0000..00
0.0...000.00
0.....0.0...
0.0.......00
000000000000

... in progress: @  5:10, steps: 35
00000000 000
0.0000....00
0..000.00.00
00.000.0 ..0
0...00.000.0
000.00...0.0
0...0 00.000
000.0000..00
0.0...000.00
0.....0.0...
0.0.......00
000000000000

... in progress: @  3:8, steps: 36
00000000 000
0.0000....00
0..000.00.00
00.000.0...0
0...00.000.0
000.00...0.0
0...0 00.000
000.0000..00
0.0...000.00
0.....0.0...
0.0.......00
000000000000

... in progress: @  0:8, steps: 33
00000000.000
0.0000....00
0..000.00.00
00.000.0...0
0...00.000.0
000.00...0.0
0...0 00.000
000.0000..00
0.0...000.00
0.....0.0...
0.0.......00
000000000000

The maze 1 has A solution
########.###
#.####....##
#..###.##.##
##.###.#...#
#...##.###.#
###.##...#.#
#...# ##.###
###.####..##
#.#...###.##
#.....#.#...
#.#.......##
############

... in progress: @  6:0, steps: 0
000000000000
0 0000    00
0  000 00 00
00 000 0   0
0   00 000 0
000 00   0 0
.   0 00 000
000 0000  00
0 0   000 00
0     0 0   
0 0       00
000000000000

... in progress: @  6:1, steps: 0
000000000000
0 0000    00
0  000 00 00
00 000 0   0
0   00 000 0
000 00   0 0
..  0 00 000
000 0000  00
0 0   000 00
0     0 0   
0 0       00
000000000000

... in progress: @  6:2, steps: 0
000000000000
0 0000    00
0  000 00 00
00 000 0   0
0   00 000 0
000 00   0 0
... 0 00 000
000 0000  00
0 0   000 00
0     0 0   
0 0       00
000000000000

... in progress: @  6:3, steps: 0
000000000000
0 0000    00
0  000 00 00
00 000 0   0
0   00 000 0
000 00   0 0
....0 00 000
000 0000  00
0 0   000 00
0     0 0   
0 0       00
000000000000

... in progress: @  7:3, steps: 1
000000000000
0 0000    00
0  000 00 00
00 000 0   0
0   00 000 0
000 00   0 0
....0 00 000
000.0000  00
0 0   000 00
0     0 0   
0 0       00
000000000000

... in progress: @  8:3, steps: 2
000000000000
0 0000    00
0  000 00 00
00 000 0   0
0   00 000 0
000 00   0 0
....0 00 000
000.0000  00
0 0.  000 00
0     0 0   
0 0       00
000000000000

... in progress: @  8:4, steps: 2
000000000000
0 0000    00
0  000 00 00
00 000 0   0
0   00 000 0
000 00   0 0
....0 00 000
000.0000  00
0 0.. 000 00
0     0 0   
0 0       00
000000000000

... in progress: @  8:5, steps: 2
000000000000
0 0000    00
0  000 00 00
00 000 0   0
0   00 000 0
000 00   0 0
....0 00 000
000.0000  00
0 0...000 00
0     0 0   
0 0       00
000000000000

... in progress: @  9:5, steps: 3
000000000000
0 0000    00
0  000 00 00
00 000 0   0
0   00 000 0
000 00   0 0
....0 00 000
000.0000  00
0 0...000 00
0    .0 0   
0 0       00
000000000000

... in progress: @  10:5, steps: 4
000000000000
0 0000    00
0  000 00 00
00 000 0   0
0   00 000 0
000 00   0 0
....0 00 000
000.0000  00
0 0...000 00
0    .0 0   
0 0  .    00
000000000000

... in progress: @  10:6, steps: 4
000000000000
0 0000    00
0  000 00 00
00 000 0   0
0   00 000 0
000 00   0 0
....0 00 000
000.0000  00
0 0...000 00
0    .0 0   
0 0  ..   00
000000000000

... in progress: @  10:7, steps: 4
000000000000
0 0000    00
0  000 00 00
00 000 0   0
0   00 000 0
000 00   0 0
....0 00 000
000.0000  00
0 0...000 00
0    .0 0   
0 0  ...  00
000000000000

... in progress: @  10:8, steps: 4
000000000000
0 0000    00
0  000 00 00
00 000 0   0
0   00 000 0
000 00   0 0
....0 00 000
000.0000  00
0 0...000 00
0    .0 0   
0 0  .... 00
000000000000

... in progress: @  10:9, steps: 4
000000000000
0 0000    00
0  000 00 00
00 000 0   0
0   00 000 0
000 00   0 0
....0 00 000
000.0000  00
0 0...000 00
0    .0 0   
0 0  .....00
000000000000

... in progress: @  9:9, steps: 6
000000000000
0 0000    00
0  000 00 00
00 000 0   0
0   00 000 0
000 00   0 0
....0 00 000
000.0000  00
0 0...000 00
0    .0 0.  
0 0  .....00
000000000000

... in progress: @  9:10, steps: 6
000000000000
0 0000    00
0  000 00 00
00 000 0   0
0   00 000 0
000 00   0 0
....0 00 000
000.0000  00
0 0...000 00
0    .0 0.. 
0 0  .....00
000000000000

... in progress: @  9:11, steps: 6
000000000000
0 0000    00
0  000 00 00
00 000 0   0
0   00 000 0
000 00   0 0
....0 00 000
000.0000  00
0 0...000 00
0    .0 0...
0 0  .....00
000000000000

The maze 2 has A solution
############
# ####    ##
#  ### ## ##
## ### #   #
#   ## ### #
### ##   # #
....# ## ###
###.####  ##
# #...### ##
#    .# #...
# #  .....##
############

... in progress: @  6:0, steps: 0
000000000000
0 0000    00
0  000 00 00
00 000 0   0
0   00 000 0
000 00   0 0
.   0 00 000
000 0000  00
0 0   000 00
0     0 0   
0 0       00
0     0 0  0
0 0 0 0   00
000000000000

... in progress: @  6:1, steps: 0
000000000000
0 0000    00
0  000 00 00
00 000 0   0
0   00 000 0
000 00   0 0
..  0 00 000
000 0000  00
0 0   000 00
0     0 0   
0 0       00
0     0 0  0
0 0 0 0   00
000000000000

... in progress: @  6:2, steps: 0
000000000000
0 0000    00
0  000 00 00
00 000 0   0
0   00 000 0
000 00   0 0
... 0 00 000
000 0000  00
0 0   000 00
0     0 0   
0 0       00
0     0 0  0
0 0 0 0   00
000000000000

... in progress: @  6:3, steps: 0
000000000000
0 0000    00
0  000 00 00
00 000 0   0
0   00 000 0
000 00   0 0
....0 00 000
000 0000  00
0 0   000 00
0     0 0   
0 0       00
0     0 0  0
0 0 0 0   00
000000000000

... in progress: @  7:3, steps: 1
000000000000
0 0000    00
0  000 00 00
00 000 0   0
0   00 000 0
000 00   0 0
....0 00 000
000.0000  00
0 0   000 00
0     0 0   
0 0       00
0     0 0  0
0 0 0 0   00
000000000000

... in progress: @  8:3, steps: 2
000000000000
0 0000    00
0  000 00 00
00 000 0   0
0   00 000 0
000 00   0 0
....0 00 000
000.0000  00
0 0.  000 00
0     0 0   
0 0       00
0     0 0  0
0 0 0 0   00
000000000000

... in progress: @  8:4, steps: 2
000000000000
0 0000    00
0  000 00 00
00 000 0   0
0   00 000 0
000 00   0 0
....0 00 000
000.0000  00
0 0.. 000 00
0     0 0   
0 0       00
0     0 0  0
0 0 0 0   00
000000000000

... in progress: @  8:5, steps: 2
000000000000
0 0000    00
0  000 00 00
00 000 0   0
0   00 000 0
000 00   0 0
....0 00 000
000.0000  00
0 0...000 00
0     0 0   
0 0       00
0     0 0  0
0 0 0 0   00
000000000000

... in progress: @  9:5, steps: 3
000000000000
0 0000    00
0  000 00 00
00 000 0   0
0   00 000 0
000 00   0 0
....0 00 000
000.0000  00
0 0...000 00
0    .0 0   
0 0       00
0     0 0  0
0 0 0 0   00
000000000000

... in progress: @  10:5, steps: 4
000000000000
0 0000    00
0  000 00 00
00 000 0   0
0   00 000 0
000 00   0 0
....0 00 000
000.0000  00
0 0...000 00
0    .0 0   
0 0  .    00
0     0 0  0
0 0 0 0   00
000000000000

... in progress: @  10:6, steps: 4
000000000000
0 0000    00
0  000 00 00
00 000 0   0
0   00 000 0
000 00   0 0
....0 00 000
000.0000  00
0 0...000 00
0    .0 0   
0 0  ..   00
0     0 0  0
0 0 0 0   00
000000000000

... in progress: @  10:7, steps: 4
000000000000
0 0000    00
0  000 00 00
00 000 0   0
0   00 000 0
000 00   0 0
....0 00 000
000.0000  00
0 0...000 00
0    .0 0   
0 0  ...  00
0     0 0  0
0 0 0 0   00
000000000000

... in progress: @  10:8, steps: 4
000000000000
0 0000    00
0  000 00 00
00 000 0   0
0   00 000 0
000 00   0 0
....0 00 000
000.0000  00
0 0...000 00
0    .0 0   
0 0  .... 00
0     0 0  0
0 0 0 0   00
000000000000

... in progress: @  10:9, steps: 4
000000000000
0 0000    00
0  000 00 00
00 000 0   0
0   00 000 0
000 00   0 0
....0 00 000
000.0000  00
0 0...000 00
0    .0 0   
0 0  .....00
0     0 0  0
0 0 0 0   00
000000000000

... in progress: @  11:9, steps: 5
000000000000
0 0000    00
0  000 00 00
00 000 0   0
0   00 000 0
000 00   0 0
....0 00 000
000.0000  00
0 0...000 00
0    .0 0   
0 0  .....00
0     0 0. 0
0 0 0 0   00
000000000000

... in progress: @  11:10, steps: 5
000000000000
0 0000    00
0  000 00 00
00 000 0   0
0   00 000 0
000 00   0 0
....0 00 000
000.0000  00
0 0...000 00
0    .0 0   
0 0  .....00
0     0 0..0
0 0 0 0   00
000000000000

... in progress: @  12:9, steps: 6
000000000000
0 0000    00
0  000 00 00
00 000 0   0
0   00 000 0
000 00   0 0
....0 00 000
000.0000  00
0 0...000 00
0    .0 0   
0 0  .....00
0     0 0..0
0 0 0 0  .00
000000000000

... in progress: @  12:8, steps: 9
000000000000
0 0000    00
0  000 00 00
00 000 0   0
0   00 000 0
000 00   0 0
....0 00 000
000.0000  00
0 0...000 00
0    .0 0   
0 0  .....00
0     0 0..0
0 0 0 0 ..00
000000000000

... in progress: @  12:7, steps: 12
000000000000
0 0000    00
0  000 00 00
00 000 0   0
0   00 000 0
000 00   0 0
....0 00 000
000.0000  00
0 0...000 00
0    .0 0   
0 0  .....00
0     0 0..0
0 0 0 0...00
000000000000

... in progress: @  11:7, steps: 14
000000000000
0 0000    00
0  000 00 00
00 000 0   0
0   00 000 0
000 00   0 0
....0 00 000
000.0000  00
0 0...000 00
0    .0 0   
0 0  .....00
0     0.0..0
0 0 0 0...00
000000000000

... in progress: @  9:9, steps: 6
000000000000
0 0000    00
0  000 00 00
00 000 0   0
0   00 000 0
000 00   0 0
....0 00 000
000.0000  00
0 0...000 00
0    .0 0.  
0 0  .....00
0     0.0..0
0 0 0 0...00
000000000000

... in progress: @  9:10, steps: 6
000000000000
0 0000    00
0  000 00 00
00 000 0   0
0   00 000 0
000 00   0 0
....0 00 000
000.0000  00
0 0...000 00
0    .0 0.. 
0 0  .....00
0     0.0..0
0 0 0 0...00
000000000000

... in progress: @  9:11, steps: 6
000000000000
0 0000    00
0  000 00 00
00 000 0   0
0   00 000 0
000 00   0 0
....0 00 000
000.0000  00
0 0...000 00
0    .0 0...
0 0  .....00
0     0.0..0
0 0 0 0...00
000000000000

The maze 3 has A solution
############
# ####    ##
#  ### ## ##
## ### #   #
#   ## ### #
### ##   # #
....# ## ###
###.####  ##
# #...### ##
#    .# #...
# #  .....##
#     #.#..#
# # # #...##
############

... in progress: @  6:0, steps: 0
000000000000
0 0000    00
0  000 00 00
00 000 0   0
0   00 000 0
000 00   0 0
.   0 00 000
000 0000  00
0 0   000 00
0     0 0  0
0 0       00
0     0 0  0
0 0 0 0   00
000000000000

... in progress: @  6:1, steps: 0
000000000000
0 0000    00
0  000 00 00
00 000 0   0
0   00 000 0
000 00   0 0
..  0 00 000
000 0000  00
0 0   000 00
0     0 0  0
0 0       00
0     0 0  0
0 0 0 0   00
000000000000

... in progress: @  6:2, steps: 0
000000000000
0 0000    00
0  000 00 00
00 000 0   0
0   00 000 0
000 00   0 0
... 0 00 000
000 0000  00
0 0   000 00
0     0 0  0
0 0       00
0     0 0  0
0 0 0 0   00
000000000000

... in progress: @  6:3, steps: 0
000000000000
0 0000    00
0  000 00 00
00 000 0   0
0   00 000 0
000 00   0 0
....0 00 000
000 0000  00
0 0   000 00
0     0 0  0
0 0       00
0     0 0  0
0 0 0 0   00
000000000000

... in progress: @  7:3, steps: 1
000000000000
0 0000    00
0  000 00 00
00 000 0   0
0   00 000 0
000 00   0 0
....0 00 000
000.0000  00
0 0   000 00
0     0 0  0
0 0       00
0     0 0  0
0 0 0 0   00
000000000000

... in progress: @  8:3, steps: 2
000000000000
0 0000    00
0  000 00 00
00 000 0   0
0   00 000 0
000 00   0 0
....0 00 000
000.0000  00
0 0.  000 00
0     0 0  0
0 0       00
0     0 0  0
0 0 0 0   00
000000000000

... in progress: @  8:4, steps: 2
000000000000
0 0000    00
0  000 00 00
00 000 0   0
0   00 000 0
000 00   0 0
....0 00 000
000.0000  00
0 0.. 000 00
0     0 0  0
0 0       00
0     0 0  0
0 0 0 0   00
000000000000

... in progress: @  8:5, steps: 2
000000000000
0 0000    00
0  000 00 00
00 000 0   0
0   00 000 0
000 00   0 0
....0 00 000
000.0000  00
0 0...000 00
0     0 0  0
0 0       00
0     0 0  0
0 0 0 0   00
000000000000

... in progress: @  9:5, steps: 3
000000000000
0 0000    00
0  000 00 00
00 000 0   0
0   00 000 0
000 00   0 0
....0 00 000
000.0000  00
0 0...000 00
0    .0 0  0
0 0       00
0     0 0  0
0 0 0 0   00
000000000000

... in progress: @  10:5, steps: 4
000000000000
0 0000    00
0  000 00 00
00 000 0   0
0   00 000 0
000 00   0 0
....0 00 000
000.0000  00
0 0...000 00
0    .0 0  0
0 0  .    00
0     0 0  0
0 0 0 0   00
000000000000

... in progress: @  10:6, steps: 4
000000000000
0 0000    00
0  000 00 00
00 000 0   0
0   00 000 0
000 00   0 0
....0 00 000
000.0000  00
0 0...000 00
0    .0 0  0
0 0  ..   00
0     0 0  0
0 0 0 0   00
000000000000

... in progress: @  10:7, steps: 4
000000000000
0 0000    00
0  000 00 00
00 000 0   0
0   00 000 0
000 00   0 0
....0 00 000
000.0000  00
0 0...000 00
0    .0 0  0
0 0  ...  00
0     0 0  0
0 0 0 0   00
000000000000

... in progress: @  10:8, steps: 4
000000000000
0 0000    00
0  000 00 00
00 000 0   0
0   00 000 0
000 00   0 0
....0 00 000
000.0000  00
0 0...000 00
0    .0 0  0
0 0  .... 00
0     0 0  0
0 0 0 0   00
000000000000

... in progress: @  10:9, steps: 4
000000000000
0 0000    00
0  000 00 00
00 000 0   0
0   00 000 0
000 00   0 0
....0 00 000
000.0000  00
0 0...000 00
0    .0 0  0
0 0  .....00
0     0 0  0
0 0 0 0   00
000000000000

... in progress: @  11:9, steps: 5
000000000000
0 0000    00
0  000 00 00
00 000 0   0
0   00 000 0
000 00   0 0
....0 00 000
000.0000  00
0 0...000 00
0    .0 0  0
0 0  .....00
0     0 0. 0
0 0 0 0   00
000000000000

... in progress: @  11:10, steps: 5
000000000000
0 0000    00
0  000 00 00
00 000 0   0
0   00 000 0
000 00   0 0
....0 00 000
000.0000  00
0 0...000 00
0    .0 0  0
0 0  .....00
0     0 0..0
0 0 0 0   00
000000000000

... in progress: @  12:9, steps: 6
000000000000
0 0000    00
0  000 00 00
00 000 0   0
0   00 000 0
000 00   0 0
....0 00 000
000.0000  00
0 0...000 00
0    .0 0  0
0 0  .....00
0     0 0..0
0 0 0 0  .00
000000000000

... in progress: @  12:8, steps: 9
000000000000
0 0000    00
0  000 00 00
00 000 0   0
0   00 000 0
000 00   0 0
....0 00 000
000.0000  00
0 0...000 00
0    .0 0  0
0 0  .....00
0     0 0..0
0 0 0 0 ..00
000000000000

... in progress: @  12:7, steps: 12
000000000000
0 0000    00
0  000 00 00
00 000 0   0
0   00 000 0
000 00   0 0
....0 00 000
000.0000  00
0 0...000 00
0    .0 0  0
0 0  .....00
0     0 0..0
0 0 0 0...00
000000000000

... in progress: @  11:7, steps: 14
000000000000
0 0000    00
0  000 00 00
00 000 0   0
0   00 000 0
000 00   0 0
....0 00 000
000.0000  00
0 0...000 00
0    .0 0  0
0 0  .....00
0     0.0..0
0 0 0 0...00
000000000000

... in progress: @  9:9, steps: 6
000000000000
0 0000    00
0  000 00 00
00 000 0   0
0   00 000 0
000 00   0 0
....0 00 000
000.0000  00
0 0...000 00
0    .0 0. 0
0 0  .....00
0     0.0..0
0 0 0 0...00
000000000000

... in progress: @  9:10, steps: 6
000000000000
0 0000    00
0  000 00 00
00 000 0   0
0   00 000 0
000 00   0 0
....0 00 000
000.0000  00
0 0...000 00
0    .0 0..0
0 0  .....00
0     0.0..0
0 0 0 0...00
000000000000

... in progress: @  8:9, steps: 8
000000000000
0 0000    00
0  000 00 00
00 000 0   0
0   00 000 0
000 00   0 0
....0 00 000
000.0000  00
0 0...000.00
0    .0 0..0
0 0  .....00
0     0.0..0
0 0 0 0...00
000000000000

... in progress: @  7:9, steps: 10
000000000000
0 0000    00
0  000 00 00
00 000 0   0
0   00 000 0
000 00   0 0
....0 00 000
000.0000 .00
0 0...000.00
0    .0 0..0
0 0  .....00
0     0.0..0
0 0 0 0...00
000000000000

... in progress: @  7:8, steps: 13
000000000000
0 0000    00
0  000 00 00
00 000 0   0
0   00 000 0
000 00   0 0
....0 00 000
000.0000..00
0 0...000.00
0    .0 0..0
0 0  .....00
0     0.0..0
0 0 0 0...00
000000000000

... in progress: @  6:8, steps: 15
000000000000
0 0000    00
0  000 00 00
00 000 0   0
0   00 000 0
000 00   0 0
....0 00.000
000.0000..00
0 0...000.00
0    .0 0..0
0 0  .....00
0     0.0..0
0 0 0 0...00
000000000000

... in progress: @  5:8, steps: 17
000000000000
0 0000    00
0  000 00 00
00 000 0   0
0   00 000 0
000 00  .0 0
....0 00.000
000.0000..00
0 0...000.00
0    .0 0..0
0 0  .....00
0     0.0..0
0 0 0 0...00
000000000000

... in progress: @  5:7, steps: 20
000000000000
0 0000    00
0  000 00 00
00 000 0   0
0   00 000 0
000 00 ..0 0
....0 00.000
000.0000..00
0 0...000.00
0    .0 0..0
0 0  .....00
0     0.0..0
0 0 0 0...00
000000000000

... in progress: @  5:6, steps: 23
000000000000
0 0000    00
0  000 00 00
00 000 0   0
0   00 000 0
000 00...0 0
....0 00.000
000.0000..00
0 0...000.00
0    .0 0..0
0 0  .....00
0     0.0..0
0 0 0 0...00
000000000000

... in progress: @  4:6, steps: 25
000000000000
0 0000    00
0  000 00 00
00 000 0   0
0   00.000 0
000 00...0 0
....0 00.000
000.0000..00
0 0...000.00
0    .0 0..0
0 0  .....00
0     0.0..0
0 0 0 0...00
000000000000

... in progress: @  3:6, steps: 27
000000000000
0 0000    00
0  000 00 00
00 000.0   0
0   00.000 0
000 00...0 0
....0 00.000
000.0000..00
0 0...000.00
0    .0 0..0
0 0  .....00
0     0.0..0
0 0 0 0...00
000000000000

... in progress: @  2:6, steps: 29
000000000000
0 0000    00
0  000.00 00
00 000.0   0
0   00.000 0
000 00...0 0
....0 00.000
000.0000..00
0 0...000.00
0    .0 0..0
0 0  .....00
0     0.0..0
0 0 0 0...00
000000000000

... in progress: @  1:6, steps: 31
000000000000
0 0000.   00
0  000.00 00
00 000.0   0
0   00.000 0
000 00...0 0
....0 00.000
000.0000..00
0 0...000.00
0    .0 0..0
0 0  .....00
0     0.0..0
0 0 0 0...00
000000000000

... in progress: @  1:7, steps: 31
000000000000
0 0000..  00
0  000.00 00
00 000.0   0
0   00.000 0
000 00...0 0
....0 00.000
000.0000..00
0 0...000.00
0    .0 0..0
0 0  .....00
0     0.0..0
0 0 0 0...00
000000000000

... in progress: @  1:8, steps: 31
000000000000
0 0000... 00
0  000.00 00
00 000.0   0
0   00.000 0
000 00...0 0
....0 00.000
000.0000..00
0 0...000.00
0    .0 0..0
0 0  .....00
0     0.0..0
0 0 0 0...00
000000000000

... in progress: @  1:9, steps: 31
000000000000
0 0000....00
0  000.00 00
00 000.0   0
0   00.000 0
000 00...0 0
....0 00.000
000.0000..00
0 0...000.00
0    .0 0..0
0 0  .....00
0     0.0..0
0 0 0 0...00
000000000000

... in progress: @  2:9, steps: 32
000000000000
0 0000....00
0  000.00.00
00 000.0   0
0   00.000 0
000 00...0 0
....0 00.000
000.0000..00
0 0...000.00
0    .0 0..0
0 0  .....00
0     0.0..0
0 0 0 0...00
000000000000

... in progress: @  3:9, steps: 33
000000000000
0 0000....00
0  000.00.00
00 000.0 . 0
0   00.000 0
000 00...0 0
....0 00.000
000.0000..00
0 0...000.00
0    .0 0..0
0 0  .....00
0     0.0..0
0 0 0 0...00
000000000000

... in progress: @  3:10, steps: 33
000000000000
0 0000....00
0  000.00.00
00 000.0 ..0
0   00.000 0
000 00...0 0
....0 00.000
000.0000..00
0 0...000.00
0    .0 0..0
0 0  .....00
0     0.0..0
0 0 0 0...00
000000000000

... in progress: @  4:10, steps: 34
000000000000
0 0000....00
0  000.00.00
00 000.0 ..0
0   00.000.0
000 00...0 0
....0 00.000
000.0000..00
0 0...000.00
0    .0 0..0
0 0  .....00
0     0.0..0
0 0 0 0...00
000000000000

... in progress: @  5:10, steps: 35
000000000000
0 0000....00
0  000.00.00
00 000.0 ..0
0   00.000.0
000 00...0.0
....0 00.000
000.0000..00
0 0...000.00
0    .0 0..0
0 0  .....00
0     0.0..0
0 0 0 0...00
000000000000

... in progress: @  3:8, steps: 36
000000000000
0 0000....00
0  000.00.00
00 000.0...0
0   00.000.0
000 00...0.0
....0 00.000
000.0000..00
0 0...000.00
0    .0 0..0
0 0  .....00
0     0.0..0
0 0 0 0...00
000000000000

... in progress: @  9:7, steps: 6
000000000000
0 0000....00
0  000.00.00
00 000.0...0
0   00.000.0
000 00...0.0
....0 00.000
000.0000..00
0 0...000.00
0    .0.0..0
0 0  .....00
0     0.0..0
0 0 0 0...00
000000000000

... in progress: @  11:5, steps: 5
000000000000
0 0000....00
0  000.00.00
00 000.0...0
0   00.000.0
000 00...0.0
....0 00.000
000.0000..00
0 0...000.00
0    .0.0..0
0 0  .....00
0    .0.0..0
0 0 0 0...00
000000000000

... in progress: @  12:5, steps: 6
000000000000
0 0000....00
0  000.00.00
00 000.0...0
0   00.000.0
000 00...0.0
....0 00.000
000.0000..00
0 0...000.00
0    .0.0..0
0 0  .....00
0    .0.0..0
0 0 0.0...00
000000000000

... in progress: @  11:4, steps: 8
000000000000
0 0000....00
0  000.00.00
00 000.0...0
0   00.000.0
000 00...0.0
....0 00.000
000.0000..00
0 0...000.00
0    .0.0..0
0 0  .....00
0   ..0.0..0
0 0 0.0...00
000000000000

... in progress: @  10:4, steps: 10
000000000000
0 0000....00
0  000.00.00
00 000.0...0
0   00.000.0
000 00...0.0
....0 00.000
000.0000..00
0 0...000.00
0    .0.0..0
0 0 ......00
0   ..0.0..0
0 0 0.0...00
000000000000

... in progress: @  9:4, steps: 12
000000000000
0 0000....00
0  000.00.00
00 000.0...0
0   00.000.0
000 00...0.0
....0 00.000
000.0000..00
0 0...000.00
0   ..0.0..0
0 0 ......00
0   ..0.0..0
0 0 0.0...00
000000000000

... in progress: @  9:3, steps: 15
000000000000
0 0000....00
0  000.00.00
00 000.0...0
0   00.000.0
000 00...0.0
....0 00.000
000.0000..00
0 0...000.00
0  ...0.0..0
0 0 ......00
0   ..0.0..0
0 0 0.0...00
000000000000

... in progress: @  10:3, steps: 16
000000000000
0 0000....00
0  000.00.00
00 000.0...0
0   00.000.0
000 00...0.0
....0 00.000
000.0000..00
0 0...000.00
0  ...0.0..0
0 0.......00
0   ..0.0..0
0 0 0.0...00
000000000000

... in progress: @  11:3, steps: 17
000000000000
0 0000....00
0  000.00.00
00 000.0...0
0   00.000.0
000 00...0.0
....0 00.000
000.0000..00
0 0...000.00
0  ...0.0..0
0 0.......00
0  ...0.0..0
0 0 0.0...00
000000000000

... in progress: @  12:3, steps: 18
000000000000
0 0000....00
0  000.00.00
00 000.0...0
0   00.000.0
000 00...0.0
....0 00.000
000.0000..00
0 0...000.00
0  ...0.0..0
0 0.......00
0  ...0.0..0
0 0.0.0...00
000000000000

... in progress: @  11:2, steps: 20
000000000000
0 0000....00
0  000.00.00
00 000.0...0
0   00.000.0
000 00...0.0
....0 00.000
000.0000..00
0 0...000.00
0  ...0.0..0
0 0.......00
0 ....0.0..0
0 0.0.0...00
000000000000

... in progress: @  11:1, steps: 23
000000000000
0 0000....00
0  000.00.00
00 000.0...0
0   00.000.0
000 00...0.0
....0 00.000
000.0000..00
0 0...000.00
0  ...0.0..0
0 0.......00
0.....0.0..0
0 0.0.0...00
000000000000

... in progress: @  12:1, steps: 24
000000000000
0 0000....00
0  000.00.00
00 000.0...0
0   00.000.0
000 00...0.0
....0 00.000
000.0000..00
0 0...000.00
0  ...0.0..0
0 0.......00
0.....0.0..0
0.0.0.0...00
000000000000

... in progress: @  10:1, steps: 25
000000000000
0 0000....00
0  000.00.00
00 000.0...0
0   00.000.0
000 00...0.0
....0 00.000
000.0000..00
0 0...000.00
0  ...0.0..0
0.0.......00
0.....0.0..0
0.0.0.0...00
000000000000

... in progress: @  9:1, steps: 27
000000000000
0 0000....00
0  000.00.00
00 000.0...0
0   00.000.0
000 00...0.0
....0 00.000
000.0000..00
0 0...000.00
0. ...0.0..0
0.0.......00
0.....0.0..0
0.0.0.0...00
000000000000

... in progress: @  9:2, steps: 27
000000000000
0 0000....00
0  000.00.00
00 000.0...0
0   00.000.0
000 00...0.0
....0 00.000
000.0000..00
0 0...000.00
0.....0.0..0
0.0.......00
0.....0.0..0
0.0.0.0...00
000000000000

... in progress: @  8:1, steps: 29
000000000000
0 0000....00
0  000.00.00
00 000.0...0
0   00.000.0
000 00...0.0
....0 00.000
000.0000..00
0.0...000.00
0.....0.0..0
0.0.......00
0.....0.0..0
0.0.0.0...00
000000000000

... in progress: @  5:3, steps: 2
000000000000
0 0000....00
0  000.00.00
00 000.0...0
0   00.000.0
000.00...0.0
....0 00.000
000.0000..00
0.0...000.00
0.....0.0..0
0.0.......00
0.....0.0..0
0.0.0.0...00
000000000000

... in progress: @  4:3, steps: 4
000000000000
0 0000....00
0  000.00.00
00 000.0...0
0  .00.000.0
000.00...0.0
....0 00.000
000.0000..00
0.0...000.00
0.....0.0..0
0.0.......00
0.....0.0..0
0.0.0.0...00
000000000000

... in progress: @  4:2, steps: 7
000000000000
0 0000....00
0  000.00.00
00 000.0...0
0 ..00.000.0
000.00...0.0
....0 00.000
000.0000..00
0.0...000.00
0.....0.0..0
0.0.......00
0.....0.0..0
0.0.0.0...00
000000000000

... in progress: @  3:2, steps: 9
000000000000
0 0000....00
0  000.00.00
00.000.0...0
0 ..00.000.0
000.00...0.0
....0 00.000
000.0000..00
0.0...000.00
0.....0.0..0
0.0.......00
0.....0.0..0
0.0.0.0...00
000000000000

... in progress: @  2:2, steps: 11
000000000000
0 0000....00
0 .000.00.00
00.000.0...0
0 ..00.000.0
000.00...0.0
....0 00.000
000.0000..00
0.0...000.00
0.....0.0..0
0.0.......00
0.....0.0..0
0.0.0.0...00
000000000000

... in progress: @  2:1, steps: 14
000000000000
0 0000....00
0..000.00.00
00.000.0...0
0 ..00.000.0
000.00...0.0
....0 00.000
000.0000..00
0.0...000.00
0.....0.0..0
0.0.......00
0.....0.0..0
0.0.0.0...00
000000000000

... in progress: @  1:1, steps: 16
000000000000
0.0000....00
0..000.00.00
00.000.0...0
0 ..00.000.0
000.00...0.0
....0 00.000
000.0000..00
0.0...000.00
0.....0.0..0
0.0.......00
0.....0.0..0
0.0.0.0...00
000000000000

... in progress: @  4:1, steps: 10
000000000000
0.0000....00
0..000.00.00
00.000.0...0
0...00.000.0
000.00...0.0
....0 00.000
000.0000..00
0.0...000.00
0.....0.0..0
0.0.......00
0.....0.0..0
0.0.0.0...00
000000000000

The maze 4 has NO solution
############
#.####....##
#..###.##.##
##.###.#...#
#...##.###.#
###.##...#.#
....# ##.###
###.####..##
#.#...###.##
#.....#.#..#
#.#.......##
#.....#.#..#
#.#.#.#...##
############


The Maze PRO 1 size:144
############
#      #   #
###### ### #
#        # #
## # # # # #
#  # # # # #
#### # # # #
#    ### #  
### #    # #
  # # #### #
#   #      #
############

... in progress: @  9:0, steps: 0
000000000000
0      0   0
000000 000 0
0        0 0
00 0 0 0 0 0
0  0 0 0 0 0
0000 0 0 0 0
0    000 0  
000 0    0 0
. 0 0 0000 0
0   0      0
000000000000

... in progress: @  9:1, steps: 0
000000000000
0      0   0
000000 000 0
0        0 0
00 0 0 0 0 0
0  0 0 0 0 0
0000 0 0 0 0
0    000 0  
000 0    0 0
..0 0 0000 0
0   0      0
000000000000

... in progress: @  10:1, steps: 1
000000000000
0      0   0
000000 000 0
0        0 0
00 0 0 0 0 0
0  0 0 0 0 0
0000 0 0 0 0
0    000 0  
000 0    0 0
..0 0 0000 0
0.  0      0
000000000000

... in progress: @  10:2, steps: 1
000000000000
0      0   0
000000 000 0
0        0 0
00 0 0 0 0 0
0  0 0 0 0 0
0000 0 0 0 0
0    000 0  
000 0    0 0
..0 0 0000 0
0.. 0      0
000000000000

... in progress: @  10:3, steps: 1
000000000000
0      0   0
000000 000 0
0        0 0
00 0 0 0 0 0
0  0 0 0 0 0
0000 0 0 0 0
0    000 0  
000 0    0 0
..0 0 0000 0
0...0      0
000000000000

... in progress: @  9:3, steps: 3
000000000000
0      0   0
000000 000 0
0        0 0
00 0 0 0 0 0
0  0 0 0 0 0
0000 0 0 0 0
0    000 0  
000 0    0 0
..0.0 0000 0
0...0      0
000000000000

... in progress: @  8:3, steps: 5
000000000000
0      0   0
000000 000 0
0        0 0
00 0 0 0 0 0
0  0 0 0 0 0
0000 0 0 0 0
0    000 0  
000.0    0 0
..0.0 0000 0
0...0      0
000000000000

... in progress: @  7:3, steps: 7
000000000000
0      0   0
000000 000 0
0        0 0
00 0 0 0 0 0
0  0 0 0 0 0
0000 0 0 0 0
0  . 000 0  
000.0    0 0
..0.0 0000 0
0...0      0
000000000000

... in progress: @  7:4, steps: 7
000000000000
0      0   0
000000 000 0
0        0 0
00 0 0 0 0 0
0  0 0 0 0 0
0000 0 0 0 0
0  ..000 0  
000.0    0 0
..0.0 0000 0
0...0      0
000000000000

... in progress: @  6:4, steps: 9
000000000000
0      0   0
000000 000 0
0        0 0
00 0 0 0 0 0
0  0 0 0 0 0
0000.0 0 0 0
0  ..000 0  
000.0    0 0
..0.0 0000 0
0...0      0
000000000000

... in progress: @  5:4, steps: 11
000000000000
0      0   0
000000 000 0
0        0 0
00 0 0 0 0 0
0  0.0 0 0 0
0000.0 0 0 0
0  ..000 0  
000.0    0 0
..0.0 0000 0
0...0      0
000000000000

... in progress: @  4:4, steps: 13
000000000000
0      0   0
000000 000 0
0        0 0
00 0.0 0 0 0
0  0.0 0 0 0
0000.0 0 0 0
0  ..000 0  
000.0    0 0
..0.0 0000 0
0...0      0
000000000000

... in progress: @  3:4, steps: 15
000000000000
0      0   0
000000 000 0
0   .    0 0
00 0.0 0 0 0
0  0.0 0 0 0
0000.0 0 0 0
0  ..000 0  
000.0    0 0
..0.0 0000 0
0...0      0
000000000000

... in progress: @  3:5, steps: 15
000000000000
0      0   0
000000 000 0
0   ..   0 0
00 0.0 0 0 0
0  0.0 0 0 0
0000.0 0 0 0
0  ..000 0  
000.0    0 0
..0.0 0000 0
0...0      0
000000000000

... in progress: @  3:6, steps: 15
000000000000
0      0   0
000000 000 0
0   ...  0 0
00 0.0 0 0 0
0  0.0 0 0 0
0000.0 0 0 0
0  ..000 0  
000.0    0 0
..0.0 0000 0
0...0      0
000000000000

... in progress: @  3:7, steps: 15
000000000000
0      0   0
000000 000 0
0   .... 0 0
00 0.0 0 0 0
0  0.0 0 0 0
0000.0 0 0 0
0  ..000 0  
000.0    0 0
..0.0 0000 0
0...0      0
000000000000

... in progress: @  3:8, steps: 15
000000000000
0      0   0
000000 000 0
0   .....0 0
00 0.0 0 0 0
0  0.0 0 0 0
0000.0 0 0 0
0  ..000 0  
000.0    0 0
..0.0 0000 0
0...0      0
000000000000

... in progress: @  4:8, steps: 16
000000000000
0      0   0
000000 000 0
0   .....0 0
00 0.0 0.0 0
0  0.0 0 0 0
0000.0 0 0 0
0  ..000 0  
000.0    0 0
..0.0 0000 0
0...0      0
000000000000

... in progress: @  5:8, steps: 17
000000000000
0      0   0
000000 000 0
0   .....0 0
00 0.0 0.0 0
0  0.0 0.0 0
0000.0 0 0 0
0  ..000 0  
000.0    0 0
..0.0 0000 0
0...0      0
000000000000

... in progress: @  6:8, steps: 18
000000000000
0      0   0
000000 000 0
0   .....0 0
00 0.0 0.0 0
0  0.0 0.0 0
0000.0 0.0 0
0  ..000 0  
000.0    0 0
..0.0 0000 0
0...0      0
000000000000

... in progress: @  7:8, steps: 19
000000000000
0      0   0
000000 000 0
0   .....0 0
00 0.0 0.0 0
0  0.0 0.0 0
0000.0 0.0 0
0  ..000.0  
000.0    0 0
..0.0 0000 0
0...0      0
000000000000

... in progress: @  8:8, steps: 20
000000000000
0      0   0
000000 000 0
0   .....0 0
00 0.0 0.0 0
0  0.0 0.0 0
0000.0 0.0 0
0  ..000.0  
000.0   .0 0
..0.0 0000 0
0...0      0
000000000000

... in progress: @  8:7, steps: 23
000000000000
0      0   0
000000 000 0
0   .....0 0
00 0.0 0.0 0
0  0.0 0.0 0
0000.0 0.0 0
0  ..000.0  
000.0  ..0 0
..0.0 0000 0
0...0      0
000000000000

... in progress: @  8:6, steps: 26
000000000000
0      0   0
000000 000 0
0   .....0 0
00 0.0 0.0 0
0  0.0 0.0 0
0000.0 0.0 0
0  ..000.0  
000.0 ...0 0
..0.0 0000 0
0...0      0
000000000000

... in progress: @  8:5, steps: 29
000000000000
0      0   0
000000 000 0
0   .....0 0
00 0.0 0.0 0
0  0.0 0.0 0
0000.0 0.0 0
0  ..000.0  
000.0....0 0
..0.0 0000 0
0...0      0
000000000000

... in progress: @  9:5, steps: 30
000000000000
0      0   0
000000 000 0
0   .....0 0
00 0.0 0.0 0
0  0.0 0.0 0
0000.0 0.0 0
0  ..000.0  
000.0....0 0
..0.0.0000 0
0...0      0
000000000000

... in progress: @  10:5, steps: 31
000000000000
0      0   0
000000 000 0
0   .....0 0
00 0.0 0.0 0
0  0.0 0.0 0
0000.0 0.0 0
0  ..000.0  
000.0....0 0
..0.0.0000 0
0...0.     0
000000000000

... in progress: @  10:6, steps: 31
000000000000
0      0   0
000000 000 0
0   .....0 0
00 0.0 0.0 0
0  0.0 0.0 0
0000.0 0.0 0
0  ..000.0  
000.0....0 0
..0.0.0000 0
0...0..    0
000000000000

... in progress: @  10:7, steps: 31
000000000000
0      0   0
000000 000 0
0   .....0 0
00 0.0 0.0 0
0  0.0 0.0 0
0000.0 0.0 0
0  ..000.0  
000.0....0 0
..0.0.0000 0
0...0...   0
000000000000

... in progress: @  10:8, steps: 31
000000000000
0      0   0
000000 000 0
0   .....0 0
00 0.0 0.0 0
0  0.0 0.0 0
0000.0 0.0 0
0  ..000.0  
000.0....0 0
..0.0.0000 0
0...0....  0
000000000000

... in progress: @  10:9, steps: 31
000000000000
0      0   0
000000 000 0
0   .....0 0
00 0.0 0.0 0
0  0.0 0.0 0
0000.0 0.0 0
0  ..000.0  
000.0....0 0
..0.0.0000 0
0...0..... 0
000000000000

... in progress: @  10:10, steps: 31
000000000000
0      0   0
000000 000 0
0   .....0 0
00 0.0 0.0 0
0  0.0 0.0 0
0000.0 0.0 0
0  ..000.0  
000.0....0 0
..0.0.0000 0
0...0......0
000000000000

... in progress: @  9:10, steps: 33
000000000000
0      0   0
000000 000 0
0   .....0 0
00 0.0 0.0 0
0  0.0 0.0 0
0000.0 0.0 0
0  ..000.0  
000.0....0 0
..0.0.0000.0
0...0......0
000000000000

... in progress: @  8:10, steps: 35
000000000000
0      0   0
000000 000 0
0   .....0 0
00 0.0 0.0 0
0  0.0 0.0 0
0000.0 0.0 0
0  ..000.0  
000.0....0.0
..0.0.0000.0
0...0......0
000000000000

... in progress: @  7:10, steps: 37
000000000000
0      0   0
000000 000 0
0   .....0 0
00 0.0 0.0 0
0  0.0 0.0 0
0000.0 0.0 0
0  ..000.0. 
000.0....0.0
..0.0.0000.0
0...0......0
000000000000

... in progress: @  7:11, steps: 37
000000000000
0      0   0
000000 000 0
0   .....0 0
00 0.0 0.0 0
0  0.0 0.0 0
0000.0 0.0 0
0  ..000.0..
000.0....0.0
..0.0.0000.0
0...0......0
000000000000

The maze PRO has A solution entering from the left
############
#      #   #
###### ### #
#   .....# #
## #.# #.# #
#  #.# #.# #
####.# #.# #
#  ..###.#..
###.#....#.#
..#.#.####.#
#...#......#
############


The Maze PRO 2 size:144
############
#      #   #
###### ### #
#        # #
## # # # # #
#  # # # # #
#### # # # #
#    ### #  
### #    # #
  # # #### #
#   #      #
############

... in progress: @  7:11, steps: 0
000000000000
0      0   0
000000 000 0
0        0 0
00 0 0 0 0 0
0  0 0 0 0 0
0000 0 0 0 0
0    000 0 .
000 0    0 0
  0 0 0000 0
0   0      0
000000000000

... in progress: @  7:10, steps: 3
000000000000
0      0   0
000000 000 0
0        0 0
00 0 0 0 0 0
0  0 0 0 0 0
0000 0 0 0 0
0    000 0..
000 0    0 0
  0 0 0000 0
0   0      0
000000000000

... in progress: @  8:10, steps: 4
000000000000
0      0   0
000000 000 0
0        0 0
00 0 0 0 0 0
0  0 0 0 0 0
0000 0 0 0 0
0    000 0..
000 0    0.0
  0 0 0000 0
0   0      0
000000000000

... in progress: @  9:10, steps: 5
000000000000
0      0   0
000000 000 0
0        0 0
00 0 0 0 0 0
0  0 0 0 0 0
0000 0 0 0 0
0    000 0..
000 0    0.0
  0 0 0000.0
0   0      0
000000000000

... in progress: @  10:10, steps: 6
000000000000
0      0   0
000000 000 0
0        0 0
00 0 0 0 0 0
0  0 0 0 0 0
0000 0 0 0 0
0    000 0..
000 0    0.0
  0 0 0000.0
0   0     .0
000000000000

... in progress: @  10:9, steps: 9
000000000000
0      0   0
000000 000 0
0        0 0
00 0 0 0 0 0
0  0 0 0 0 0
0000 0 0 0 0
0    000 0..
000 0    0.0
  0 0 0000.0
0   0    ..0
000000000000

... in progress: @  10:8, steps: 12
000000000000
0      0   0
000000 000 0
0        0 0
00 0 0 0 0 0
0  0 0 0 0 0
0000 0 0 0 0
0    000 0..
000 0    0.0
  0 0 0000.0
0   0   ...0
000000000000

... in progress: @  10:7, steps: 15
000000000000
0      0   0
000000 000 0
0        0 0
00 0 0 0 0 0
0  0 0 0 0 0
0000 0 0 0 0
0    000 0..
000 0    0.0
  0 0 0000.0
0   0  ....0
000000000000

... in progress: @  10:6, steps: 18
000000000000
0      0   0
000000 000 0
0        0 0
00 0 0 0 0 0
0  0 0 0 0 0
0000 0 0 0 0
0    000 0..
000 0    0.0
  0 0 0000.0
0   0 .....0
000000000000

... in progress: @  10:5, steps: 21
000000000000
0      0   0
000000 000 0
0        0 0
00 0 0 0 0 0
0  0 0 0 0 0
0000 0 0 0 0
0    000 0..
000 0    0.0
  0 0 0000.0
0   0......0
000000000000

... in progress: @  9:5, steps: 23
000000000000
0      0   0
000000 000 0
0        0 0
00 0 0 0 0 0
0  0 0 0 0 0
0000 0 0 0 0
0    000 0..
000 0    0.0
  0 0.0000.0
0   0......0
000000000000

... in progress: @  8:5, steps: 25
000000000000
0      0   0
000000 000 0
0        0 0
00 0 0 0 0 0
0  0 0 0 0 0
0000 0 0 0 0
0    000 0..
000 0.   0.0
  0 0.0000.0
0   0......0
000000000000

... in progress: @  8:6, steps: 25
000000000000
0      0   0
000000 000 0
0        0 0
00 0 0 0 0 0
0  0 0 0 0 0
0000 0 0 0 0
0    000 0..
000 0..  0.0
  0 0.0000.0
0   0......0
000000000000

... in progress: @  8:7, steps: 25
000000000000
0      0   0
000000 000 0
0        0 0
00 0 0 0 0 0
0  0 0 0 0 0
0000 0 0 0 0
0    000 0..
000 0... 0.0
  0 0.0000.0
0   0......0
000000000000

... in progress: @  8:8, steps: 25
000000000000
0      0   0
000000 000 0
0        0 0
00 0 0 0 0 0
0  0 0 0 0 0
0000 0 0 0 0
0    000 0..
000 0....0.0
  0 0.0000.0
0   0......0
000000000000

... in progress: @  7:8, steps: 27
000000000000
0      0   0
000000 000 0
0        0 0
00 0 0 0 0 0
0  0 0 0 0 0
0000 0 0 0 0
0    000.0..
000 0....0.0
  0 0.0000.0
0   0......0
000000000000

... in progress: @  6:8, steps: 29
000000000000
0      0   0
000000 000 0
0        0 0
00 0 0 0 0 0
0  0 0 0 0 0
0000 0 0.0 0
0    000.0..
000 0....0.0
  0 0.0000.0
0   0......0
000000000000

... in progress: @  5:8, steps: 31
000000000000
0      0   0
000000 000 0
0        0 0
00 0 0 0 0 0
0  0 0 0.0 0
0000 0 0.0 0
0    000.0..
000 0....0.0
  0 0.0000.0
0   0......0
000000000000

... in progress: @  4:8, steps: 33
000000000000
0      0   0
000000 000 0
0        0 0
00 0 0 0.0 0
0  0 0 0.0 0
0000 0 0.0 0
0    000.0..
000 0....0.0
  0 0.0000.0
0   0......0
000000000000

... in progress: @  3:8, steps: 35
000000000000
0      0   0
000000 000 0
0       .0 0
00 0 0 0.0 0
0  0 0 0.0 0
0000 0 0.0 0
0    000.0..
000 0....0.0
  0 0.0000.0
0   0......0
000000000000

... in progress: @  3:7, steps: 38
000000000000
0      0   0
000000 000 0
0      ..0 0
00 0 0 0.0 0
0  0 0 0.0 0
0000 0 0.0 0
0    000.0..
000 0....0.0
  0 0.0000.0
0   0......0
000000000000

... in progress: @  3:6, steps: 41
000000000000
0      0   0
000000 000 0
0     ...0 0
00 0 0 0.0 0
0  0 0 0.0 0
0000 0 0.0 0
0    000.0..
000 0....0.0
  0 0.0000.0
0   0......0
000000000000

... in progress: @  4:6, steps: 42
000000000000
0      0   0
000000 000 0
0     ...0 0
00 0 0.0.0 0
0  0 0 0.0 0
0000 0 0.0 0
0    000.0..
000 0....0.0
  0 0.0000.0
0   0......0
000000000000

... in progress: @  5:6, steps: 43
000000000000
0      0   0
000000 000 0
0     ...0 0
00 0 0.0.0 0
0  0 0.0.0 0
0000 0 0.0 0
0    000.0..
000 0....0.0
  0 0.0000.0
0   0......0
000000000000

... in progress: @  6:6, steps: 44
000000000000
0      0   0
000000 000 0
0     ...0 0
00 0 0.0.0 0
0  0 0.0.0 0
0000 0.0.0 0
0    000.0..
000 0....0.0
  0 0.0000.0
0   0......0
000000000000

... in progress: @  2:6, steps: 43
000000000000
0      0   0
000000.000 0
0     ...0 0
00 0 0.0.0 0
0  0 0.0.0 0
0000 0.0.0 0
0    000.0..
000 0....0.0
  0 0.0000.0
0   0......0
000000000000

... in progress: @  1:6, steps: 45
000000000000
0     .0   0
000000.000 0
0     ...0 0
00 0 0.0.0 0
0  0 0.0.0 0
0000 0.0.0 0
0    000.0..
000 0....0.0
  0 0.0000.0
0   0......0
000000000000

... in progress: @  1:5, steps: 48
000000000000
0    ..0   0
000000.000 0
0     ...0 0
00 0 0.0.0 0
0  0 0.0.0 0
0000 0.0.0 0
0    000.0..
000 0....0.0
  0 0.0000.0
0   0......0
000000000000

... in progress: @  1:4, steps: 51
000000000000
0   ...0   0
000000.000 0
0     ...0 0
00 0 0.0.0 0
0  0 0.0.0 0
0000 0.0.0 0
0    000.0..
000 0....0.0
  0 0.0000.0
0   0......0
000000000000

... in progress: @  1:3, steps: 54
000000000000
0  ....0   0
000000.000 0
0     ...0 0
00 0 0.0.0 0
0  0 0.0.0 0
0000 0.0.0 0
0    000.0..
000 0....0.0
  0 0.0000.0
0   0......0
000000000000

... in progress: @  1:2, steps: 57
000000000000
0 .....0   0
000000.000 0
0     ...0 0
00 0 0.0.0 0
0  0 0.0.0 0
0000 0.0.0 0
0    000.0..
000 0....0.0
  0 0.0000.0
0   0......0
000000000000

... in progress: @  1:1, steps: 60
000000000000
0......0   0
000000.000 0
0     ...0 0
00 0 0.0.0 0
0  0 0.0.0 0
0000 0.0.0 0
0    000.0..
000 0....0.0
  0 0.0000.0
0   0......0
000000000000

... in progress: @  3:5, steps: 44
000000000000
0......0   0
000000.000 0
0    ....0 0
00 0 0.0.0 0
0  0 0.0.0 0
0000 0.0.0 0
0    000.0..
000 0....0.0
  0 0.0000.0
0   0......0
000000000000

... in progress: @  3:4, steps: 47
000000000000
0......0   0
000000.000 0
0   .....0 0
00 0 0.0.0 0
0  0 0.0.0 0
0000 0.0.0 0
0    000.0..
000 0....0.0
  0 0.0000.0
0   0......0
000000000000

... in progress: @  4:4, steps: 48
000000000000
0......0   0
000000.000 0
0   .....0 0
00 0.0.0.0 0
0  0 0.0.0 0
0000 0.0.0 0
0    000.0..
000 0....0.0
  0 0.0000.0
0   0......0
000000000000

... in progress: @  5:4, steps: 49
000000000000
0......0   0
000000.000 0
0   .....0 0
00 0.0.0.0 0
0  0.0.0.0 0
0000 0.0.0 0
0    000.0..
000 0....0.0
  0 0.0000.0
0   0......0
000000000000

... in progress: @  6:4, steps: 50
000000000000
0......0   0
000000.000 0
0   .....0 0
00 0.0.0.0 0
0  0.0.0.0 0
0000.0.0.0 0
0    000.0..
000 0....0.0
  0 0.0000.0
0   0......0
000000000000

... in progress: @  7:4, steps: 51
000000000000
0......0   0
000000.000 0
0   .....0 0
00 0.0.0.0 0
0  0.0.0.0 0
0000.0.0.0 0
0   .000.0..
000 0....0.0
  0 0.0000.0
0   0......0
000000000000

... in progress: @  7:3, steps: 54
000000000000
0......0   0
000000.000 0
0   .....0 0
00 0.0.0.0 0
0  0.0.0.0 0
0000.0.0.0 0
0  ..000.0..
000 0....0.0
  0 0.0000.0
0   0......0
000000000000

... in progress: @  8:3, steps: 55
000000000000
0......0   0
000000.000 0
0   .....0 0
00 0.0.0.0 0
0  0.0.0.0 0
0000.0.0.0 0
0  ..000.0..
000.0....0.0
  0 0.0000.0
0   0......0
000000000000

... in progress: @  9:3, steps: 56
000000000000
0......0   0
000000.000 0
0   .....0 0
00 0.0.0.0 0
0  0.0.0.0 0
0000.0.0.0 0
0  ..000.0..
000.0....0.0
  0.0.0000.0
0   0......0
000000000000

... in progress: @  10:3, steps: 57
000000000000
0......0   0
000000.000 0
0   .....0 0
00 0.0.0.0 0
0  0.0.0.0 0
0000.0.0.0 0
0  ..000.0..
000.0....0.0
  0.0.0000.0
0  .0......0
000000000000

... in progress: @  10:2, steps: 60
000000000000
0......0   0
000000.000 0
0   .....0 0
00 0.0.0.0 0
0  0.0.0.0 0
0000.0.0.0 0
0  ..000.0..
000.0....0.0
  0.0.0000.0
0 ..0......0
000000000000

... in progress: @  10:1, steps: 63
000000000000
0......0   0
000000.000 0
0   .....0 0
00 0.0.0.0 0
0  0.0.0.0 0
0000.0.0.0 0
0  ..000.0..
000.0....0.0
  0.0.0000.0
0...0......0
000000000000

... in progress: @  9:1, steps: 65
000000000000
0......0   0
000000.000 0
0   .....0 0
00 0.0.0.0 0
0  0.0.0.0 0
0000.0.0.0 0
0  ..000.0..
000.0....0.0
 .0.0.0000.0
0...0......0
000000000000

... in progress: @  9:0, steps: 68
000000000000
0......0   0
000000.000 0
0   .....0 0
00 0.0.0.0 0
0  0.0.0.0 0
0000.0.0.0 0
0  ..000.0..
000.0....0.0
..0.0.0000.0
0...0......0
000000000000

The maze PRO has A solution entering from the right
############
#......#   #
######.### #
#   .....# #
## #.#.#.# #
#  #.#.#.# #
####.#.#.# #
#  ..###.#..
###.#....#.#
..#.#.####.#
#...#......#
############

