
+ q3 ++++++++++
Please enter a numbers for palindrome check, or a [1mNegative[0m number to [1mExit[0m
The 12 [1mIS NOT A[0m  palindrome!
Please enter a numbers for palindrome check, or a [1mNegative[0m number to [1mExit[0m
The 121 [1mIS A[0m  palindrome!
Please enter a numbers for palindrome check, or a [1mNegative[0m number to [1mExit[0m
The 556677 [1mIS NOT A[0m  palindrome!
Please enter a numbers for palindrome check, or a [1mNegative[0m number to [1mExit[0m
The 998899 [1mIS A[0m  palindrome!
Please enter a numbers for palindrome check, or a [1mNegative[0m number to [1mExit[0m
The 0 [1mIS A[0m  palindrome!
Please enter a numbers for palindrome check, or a [1mNegative[0m number to [1mExit[0m
The 333000 [1mIS NOT A[0m  palindrome!
Please enter a numbers for palindrome check, or a [1mNegative[0m number to [1mExit[0m
The 0 [1mIS A[0m  palindrome!
Please enter a numbers for palindrome check, or a [1mNegative[0m number to [1mExit[0m
You have entered wrong input, numbers only, please!
You have entered wrong input, numbers only, please!
You have entered wrong input, numbers only, please!
The 77777777 [1mIS A[0m  palindrome!
Please enter a numbers for palindrome check, or a [1mNegative[0m number to [1mExit[0m
